Determining if the pthread_create exist failed with the following output:
Change Dir: /home/stass/StassLea_FYP/build/CMakeFiles/CMakeTmp

Run Build Command:"/usr/bin/make" "cmTC_8ab1e/fast"
/usr/bin/make -f CMakeFiles/cmTC_8ab1e.dir/build.make CMakeFiles/cmTC_8ab1e.dir/build
make[1]: Entering directory '/home/stass/StassLea_FYP/build/CMakeFiles/CMakeTmp'
Building C object CMakeFiles/cmTC_8ab1e.dir/CheckSymbolExists.c.o
/usr/bin/cc     -o CMakeFiles/cmTC_8ab1e.dir/CheckSymbolExists.c.o   -c /home/stass/StassLea_FYP/build/CMakeFiles/CMakeTmp/CheckSymbolExists.c
Linking C executable cmTC_8ab1e
/usr/bin/cmake -E cmake_link_script CMakeFiles/cmTC_8ab1e.dir/link.txt --verbose=1
/usr/bin/cc       CMakeFiles/cmTC_8ab1e.dir/CheckSymbolExists.c.o  -o cmTC_8ab1e -rdynamic 
CMakeFiles/cmTC_8ab1e.dir/CheckSymbolExists.c.o: In function `main':
CheckSymbolExists.c:(.text+0x16): undefined reference to `pthread_create'
collect2: error: ld returned 1 exit status
CMakeFiles/cmTC_8ab1e.dir/build.make:97: recipe for target 'cmTC_8ab1e' failed
make[1]: *** [cmTC_8ab1e] Error 1
make[1]: Leaving directory '/home/stass/StassLea_FYP/build/CMakeFiles/CMakeTmp'
Makefile:126: recipe for target 'cmTC_8ab1e/fast' failed
make: *** [cmTC_8ab1e/fast] Error 2

File /home/stass/StassLea_FYP/build/CMakeFiles/CMakeTmp/CheckSymbolExists.c:
/* */
#include <pthread.h>

int main(int argc, char** argv)
{
  (void)argv;
#ifndef pthread_create
  return ((int*)(&pthread_create))[argc];
#else
  (void)argc;
  return 0;
#endif
}

Determining if the function pthread_create exists in the pthreads failed with the following output:
Change Dir: /home/stass/StassLea_FYP/build/CMakeFiles/CMakeTmp

Run Build Command:"/usr/bin/make" "cmTC_d1c9b/fast"
/usr/bin/make -f CMakeFiles/cmTC_d1c9b.dir/build.make CMakeFiles/cmTC_d1c9b.dir/build
make[1]: Entering directory '/home/stass/StassLea_FYP/build/CMakeFiles/CMakeTmp'
Building C object CMakeFiles/cmTC_d1c9b.dir/CheckFunctionExists.c.o
/usr/bin/cc    -DCHECK_FUNCTION_EXISTS=pthread_create   -o CMakeFiles/cmTC_d1c9b.dir/CheckFunctionExists.c.o   -c /usr/share/cmake-3.5/Modules/CheckFunctionExists.c
Linking C executable cmTC_d1c9b
/usr/bin/cmake -E cmake_link_script CMakeFiles/cmTC_d1c9b.dir/link.txt --verbose=1
/usr/bin/cc   -DCHECK_FUNCTION_EXISTS=pthread_create    CMakeFiles/cmTC_d1c9b.dir/CheckFunctionExists.c.o  -o cmTC_d1c9b -rdynamic -lpthreads 
/usr/bin/ld: cannot find -lpthreads
collect2: error: ld returned 1 exit status
CMakeFiles/cmTC_d1c9b.dir/build.make:97: recipe for target 'cmTC_d1c9b' failed
make[1]: *** [cmTC_d1c9b] Error 1
make[1]: Leaving directory '/home/stass/StassLea_FYP/build/CMakeFiles/CMakeTmp'
Makefile:126: recipe for target 'cmTC_d1c9b/fast' failed
make: *** [cmTC_d1c9b/fast] Error 2


